<?xml version='1.0' encoding='UTF-8'?>
<result>
  <suites>
    <suite>
      <file>/home/jenkins/.jenkins/jobs/JUnit/workspace/spring/target/surefire-reports/TEST-org.drugis.mcdaweb.standalone.controllers.WorkspacesControllerTest.xml</file>
      <name>org.drugis.mcdaweb.standalone.controllers.WorkspacesControllerTest</name>
      <duration>1.188</duration>
      <cases>
        <case>
          <duration>1.012</duration>
          <className>org.drugis.mcdaweb.standalone.controllers.WorkspacesControllerTest</className>
          <testName>testGetNonexistentWorkspaceFails</testName>
          <skipped>false</skipped>
          <failedSince>0</failedSince>
        </case>
        <case>
          <duration>0.004</duration>
          <className>org.drugis.mcdaweb.standalone.controllers.WorkspacesControllerTest</className>
          <testName>testBadURL404</testName>
          <skipped>false</skipped>
          <failedSince>0</failedSince>
        </case>
        <case>
          <duration>0.052</duration>
          <className>org.drugis.mcdaweb.standalone.controllers.WorkspacesControllerTest</className>
          <testName>testQueryEmptyScenarios</testName>
          <skipped>false</skipped>
          <failedSince>0</failedSince>
        </case>
        <case>
          <duration>0.006</duration>
          <className>org.drugis.mcdaweb.standalone.controllers.WorkspacesControllerTest</className>
          <testName>testGetUnauthorisedWorkspaceFails</testName>
          <skipped>false</skipped>
          <failedSince>0</failedSince>
        </case>
        <case>
          <duration>0.053</duration>
          <className>org.drugis.mcdaweb.standalone.controllers.WorkspacesControllerTest</className>
          <testName>testUpdateScenario</testName>
          <skipped>false</skipped>
          <failedSince>0</failedSince>
        </case>
        <case>
          <duration>0.006</duration>
          <className>org.drugis.mcdaweb.standalone.controllers.WorkspacesControllerTest</className>
          <testName>testCreateScenario</testName>
          <skipped>false</skipped>
          <failedSince>0</failedSince>
        </case>
        <case>
          <duration>0.01</duration>
          <className>org.drugis.mcdaweb.standalone.controllers.WorkspacesControllerTest</className>
          <testName>testCreateWorkspace</testName>
          <skipped>false</skipped>
          <failedSince>0</failedSince>
        </case>
        <case>
          <duration>0.006</duration>
          <className>org.drugis.mcdaweb.standalone.controllers.WorkspacesControllerTest</className>
          <testName>testGetScenarioNotInWorkspace</testName>
          <skipped>false</skipped>
          <failedSince>0</failedSince>
        </case>
        <case>
          <duration>0.004</duration>
          <className>org.drugis.mcdaweb.standalone.controllers.WorkspacesControllerTest</className>
          <testName>testQueryEmptyWorkspaces</testName>
          <skipped>false</skipped>
          <failedSince>0</failedSince>
        </case>
        <case>
          <duration>0.009</duration>
          <className>org.drugis.mcdaweb.standalone.controllers.WorkspacesControllerTest</className>
          <testName>testQueryScenarios</testName>
          <skipped>false</skipped>
          <failedSince>0</failedSince>
        </case>
        <case>
          <duration>0.005</duration>
          <className>org.drugis.mcdaweb.standalone.controllers.WorkspacesControllerTest</className>
          <testName>testGetScenario</testName>
          <skipped>false</skipped>
          <failedSince>0</failedSince>
        </case>
        <case>
          <duration>0.006</duration>
          <className>org.drugis.mcdaweb.standalone.controllers.WorkspacesControllerTest</className>
          <testName>testQueryWorkspaces</testName>
          <skipped>false</skipped>
          <failedSince>0</failedSince>
        </case>
        <case>
          <duration>0.004</duration>
          <className>org.drugis.mcdaweb.standalone.controllers.WorkspacesControllerTest</className>
          <testName>testGetNonexistentScenarioFails</testName>
          <skipped>false</skipped>
          <failedSince>0</failedSince>
        </case>
        <case>
          <duration>0.006</duration>
          <className>org.drugis.mcdaweb.standalone.controllers.WorkspacesControllerTest</className>
          <testName>testUpdate</testName>
          <skipped>false</skipped>
          <failedSince>0</failedSince>
        </case>
        <case>
          <duration>0.005</duration>
          <className>org.drugis.mcdaweb.standalone.controllers.WorkspacesControllerTest</className>
          <testName>testGetWorkspace</testName>
          <skipped>false</skipped>
          <failedSince>0</failedSince>
        </case>
      </cases>
    </suite>
  </suites>
  <duration>1.188</duration>
  <keepLongStdio>false</keepLongStdio>
</result>